# JRE version: Java(TM) SE Runtime Environment (8.0_141-b15) (build 1.8.0_141-b15)
# Java VM: Java HotSpot(TM) 64-Bit Server VM (25.141-b15 mixed mode windows-amd64 compressed oops)
Heap:
 PSYoungGen      total 217088K, used 41197K [0x000000076b400000, 0x000000077e480000, 0x00000007c0000000)
  eden space 187904K, 6% used [0x000000076b400000,0x000000076bfbcbc8,0x0000000776b80000)
  from space 29184K, 99% used [0x0000000776b80000,0x00000007787fe990,0x0000000778800000)
  to   space 34304K, 0% used [0x000000077c300000,0x000000077c300000,0x000000077e480000)
 ParOldGen       total 196096K, used 40166K [0x00000006c1c00000, 0x00000006cdb80000, 0x000000076b400000)
  object space 196096K, 20% used [0x00000006c1c00000,0x00000006c43399b0,0x00000006cdb80000)
 Metaspace       used 45292K, capacity 45874K, committed 46168K, reserved 1091584K
  class space    used 5555K, capacity 5705K, committed 5760K, reserved 1048576K
GC Heap History (10 events):
Event: 7.081 GC heap before
{Heap before GC invocations=7 (full 1):
 PSYoungGen      total 134656K, used 134655K [0x000000076b400000, 0x0000000776880000, 0x00000007c0000000)
  eden space 123904K, 100% used [0x000000076b400000,0x0000000772d00000,0x0000000772d00000)
  from space 10752K, 99% used [0x0000000772d00000,0x000000077377fdb8,0x0000000773780000)
  to   space 25600K, 0% used [0x0000000774f80000,0x0000000774f80000,0x0000000776880000)
 ParOldGen       total 111616K, used 27204K [0x00000006c1c00000, 0x00000006c8900000, 0x000000076b400000)
  object space 111616K, 24% used [0x00000006c1c00000,0x00000006c3691340,0x00000006c8900000)
 Metaspace       used 27500K, capacity 27904K, committed 28032K, reserved 1073152K
  class space    used 3559K, capacity 3673K, committed 3712K, reserved 1048576K
Event: 7.094 GC heap after
Heap after GC invocations=7 (full 1):
 PSYoungGen      total 158208K, used 16646K [0x000000076b400000, 0x0000000779280000, 0x00000007c0000000)
  eden space 132608K, 0% used [0x000000076b400000,0x000000076b400000,0x0000000773580000)
  from space 25600K, 65% used [0x0000000774f80000,0x0000000775fc1990,0x0000000776880000)
  to   space 26624K, 0% used [0x0000000773580000,0x0000000773580000,0x0000000774f80000)
 ParOldGen       total 111616K, used 27212K [0x00000006c1c00000, 0x00000006c8900000, 0x000000076b400000)
  object space 111616K, 24% used [0x00000006c1c00000,0x00000006c3693340,0x00000006c8900000)
 Metaspace       used 27500K, capacity 27904K, committed 28032K, reserved 1073152K
  class space    used 3559K, capacity 3673K, committed 3712K, reserved 1048576K
}
Event: 8.343 GC heap before
{Heap before GC invocations=8 (full 1):
 PSYoungGen      total 158208K, used 149254K [0x000000076b400000, 0x0000000779280000, 0x00000007c0000000)
  eden space 132608K, 100% used [0x000000076b400000,0x0000000773580000,0x0000000773580000)
  from space 25600K, 65% used [0x0000000774f80000,0x0000000775fc1990,0x0000000776880000)
  to   space 26624K, 0% used [0x0000000773580000,0x0000000773580000,0x0000000774f80000)
 ParOldGen       total 111616K, used 27212K [0x00000006c1c00000, 0x00000006c8900000, 0x000000076b400000)
  object space 111616K, 24% used [0x00000006c1c00000,0x00000006c3693340,0x00000006c8900000)
 Metaspace       used 31182K, capacity 31706K, committed 32128K, reserved 1077248K
  class space    used 4065K, capacity 4178K, committed 4224K, reserved 1048576K
Event: 8.394 GC heap after
Heap after GC invocations=8 (full 1):
 PSYoungGen      total 159232K, used 19884K [0x000000076b400000, 0x000000077ab80000, 0x00000007c0000000)
  eden space 132608K, 0% used [0x000000076b400000,0x000000076b400000,0x0000000773580000)
  from space 26624K, 74% used [0x0000000773580000,0x00000007748eb128,0x0000000774f80000)
  to   space 28160K, 0% used [0x0000000779000000,0x0000000779000000,0x000000077ab80000)
 ParOldGen       total 111616K, used 27220K [0x00000006c1c00000, 0x00000006c8900000, 0x000000076b400000)
  object space 111616K, 24% used [0x00000006c1c00000,0x00000006c3695340,0x00000006c8900000)
 Metaspace       used 31182K, capacity 31706K, committed 32128K, reserved 1077248K
  class space    used 4065K, capacity 4178K, committed 4224K, reserved 1048576K
}
Event: 31.038 GC heap before
{Heap before GC invocations=9 (full 1):
 PSYoungGen      total 159232K, used 138796K [0x000000076b400000, 0x000000077ab80000, 0x00000007c0000000)
  eden space 132608K, 89% used [0x000000076b400000,0x00000007728200f0,0x0000000773580000)
  from space 26624K, 74% used [0x0000000773580000,0x00000007748eb128,0x0000000774f80000)
  to   space 28160K, 0% used [0x0000000779000000,0x0000000779000000,0x000000077ab80000)
 ParOldGen       total 111616K, used 27220K [0x00000006c1c00000, 0x00000006c8900000, 0x000000076b400000)
  object space 111616K, 24% used [0x00000006c1c00000,0x00000006c3695340,0x00000006c8900000)
 Metaspace       used 34659K, capacity 35212K, committed 35416K, reserved 1079296K
  class space    used 4498K, capacity 4648K, committed 4736K, reserved 1048576K
Event: 31.051 GC heap after
Heap after GC invocations=9 (full 1):
 PSYoungGen      total 208896K, used 19952K [0x000000076b400000, 0x000000077a480000, 0x00000007c0000000)
  eden space 187904K, 0% used [0x000000076b400000,0x000000076b400000,0x0000000776b80000)
  from space 20992K, 95% used [0x0000000779000000,0x000000077a37c2c0,0x000000077a480000)
  to   space 29184K, 0% used [0x0000000776b80000,0x0000000776b80000,0x0000000778800000)
 ParOldGen       total 111616K, used 27228K [0x00000006c1c00000, 0x00000006c8900000, 0x000000076b400000)
  object space 111616K, 24% used [0x00000006c1c00000,0x00000006c3697340,0x00000006c8900000)
 Metaspace       used 34659K, capacity 35212K, committed 35416K, reserved 1079296K
  class space    used 4498K, capacity 4648K, committed 4736K, reserved 1048576K
}
Event: 31.051 GC heap before
{Heap before GC invocations=10 (full 2):
 PSYoungGen      total 208896K, used 19952K [0x000000076b400000, 0x000000077a480000, 0x00000007c0000000)
  eden space 187904K, 0% used [0x000000076b400000,0x000000076b400000,0x0000000776b80000)
  from space 20992K, 95% used [0x0000000779000000,0x000000077a37c2c0,0x000000077a480000)
  to   space 29184K, 0% used [0x0000000776b80000,0x0000000776b80000,0x0000000778800000)
 ParOldGen       total 111616K, used 27228K [0x00000006c1c00000, 0x00000006c8900000, 0x000000076b400000)
  object space 111616K, 24% used [0x00000006c1c00000,0x00000006c3697340,0x00000006c8900000)
 Metaspace       used 34659K, capacity 35212K, committed 35416K, reserved 1079296K
  class space    used 4498K, capacity 4648K, committed 4736K, reserved 1048576K
Event: 31.150 GC heap after
Heap after GC invocations=10 (full 2):
 PSYoungGen      total 208896K, used 0K [0x000000076b400000, 0x000000077a480000, 0x00000007c0000000)
  eden space 187904K, 0% used [0x000000076b400000,0x000000076b400000,0x0000000776b80000)
  from space 20992K, 0% used [0x0000000779000000,0x0000000779000000,0x000000077a480000)
  to   space 29184K, 0% used [0x0000000776b80000,0x0000000776b80000,0x0000000778800000)
 ParOldGen       total 196096K, used 38881K [0x00000006c1c00000, 0x00000006cdb80000, 0x000000076b400000)
  object space 196096K, 19% used [0x00000006c1c00000,0x00000006c41f85c8,0x00000006cdb80000)
 Metaspace       used 34659K, capacity 35212K, committed 35416K, reserved 1079296K
  class space    used 4498K, capacity 4648K, committed 4736K, reserved 1048576K
}
Event: 50.742 GC heap before
{Heap before GC invocations=11 (full 2):
 PSYoungGen      total 208896K, used 187904K [0x000000076b400000, 0x000000077a480000, 0x00000007c0000000)
  eden space 187904K, 100% used [0x000000076b400000,0x0000000776b80000,0x0000000776b80000)
  from space 20992K, 0% used [0x0000000779000000,0x0000000779000000,0x000000077a480000)
  to   space 29184K, 0% used [0x0000000776b80000,0x0000000776b80000,0x0000000778800000)
 ParOldGen       total 196096K, used 38881K [0x00000006c1c00000, 0x00000006cdb80000, 0x000000076b400000)
  object space 196096K, 19% used [0x00000006c1c00000,0x00000006c41f85c8,0x00000006cdb80000)
 Metaspace       used 44329K, capacity 44914K, committed 45400K, reserved 1089536K
  class space    used 5477K, capacity 5641K, committed 5760K, reserved 1048576K
Event: 50.759 GC heap after
Heap after GC invocations=11 (full 2):
 PSYoungGen      total 217088K, used 29178K [0x000000076b400000, 0x000000077e480000, 0x00000007c0000000)
  eden space 187904K, 0% used [0x000000076b400000,0x000000076b400000,0x0000000776b80000)
  from space 29184K, 99% used [0x0000000776b80000,0x00000007787fe990,0x0000000778800000)
  to   space 34304K, 0% used [0x000000077c300000,0x000000077c300000,0x000000077e480000)
 ParOldGen       total 196096K, used 40166K [0x00000006c1c00000, 0x00000006cdb80000, 0x000000076b400000)
  object space 196096K, 20% used [0x00000006c1c00000,0x00000006c43399b0,0x00000006cdb80000)
 Metaspace       used 44329K, capacity 44914K, committed 45400K, reserved 1089536K
  class space    used 5477K, capacity 5641K, committed 5760K, reserved 1048576K
}

