# JRE version: Java(TM) SE Runtime Environment (8.0_141-b15) (build 1.8.0_141-b15)
# Java VM: Java HotSpot(TM) 64-Bit Server VM (25.141-b15 mixed mode windows-amd64 compressed oops)
Heap:
 PSYoungGen      total 133632K, used 112752K [0x000000076b400000, 0x0000000778380000, 0x00000007c0000000)
  eden space 124928K, 83% used [0x000000076b400000,0x00000007719a1f40,0x0000000772e00000)
  from space 8704K, 99% used [0x0000000772e00000,0x000000077367a3e8,0x0000000773680000)
  to   space 10752K, 0% used [0x0000000777900000,0x0000000777900000,0x0000000778380000)
 ParOldGen       total 84992K, used 7765K [0x00000006c1c00000, 0x00000006c6f00000, 0x000000076b400000)
  object space 84992K, 9% used [0x00000006c1c00000,0x00000006c23955e0,0x00000006c6f00000)
 Metaspace       used 45767K, capacity 46090K, committed 46296K, reserved 1089536K
  class space    used 6532K, capacity 6610K, committed 6616K, reserved 1048576K
GC Heap History (10 events):
Event: 7.805 GC heap before
{Heap before GC invocations=7 (full 1):
 PSYoungGen      total 76288K, used 70183K [0x000000076b400000, 0x0000000774080000, 0x00000007c0000000)
  eden space 65536K, 100% used [0x000000076b400000,0x000000076f400000,0x000000076f400000)
  from space 10752K, 43% used [0x000000076f400000,0x000000076f889d50,0x000000076fe80000)
  to   space 8704K, 0% used [0x0000000773800000,0x0000000773800000,0x0000000774080000)
 ParOldGen       total 74240K, used 4520K [0x00000006c1c00000, 0x00000006c6480000, 0x000000076b400000)
  object space 74240K, 6% used [0x00000006c1c00000,0x00000006c206a3e0,0x00000006c6480000)
 Metaspace       used 29587K, capacity 29852K, committed 30208K, reserved 1075200K
  class space    used 4169K, capacity 4230K, committed 4352K, reserved 1048576K
Event: 7.811 GC heap after
Heap after GC invocations=7 (full 1):
 PSYoungGen      total 132096K, used 6609K [0x000000076b400000, 0x0000000773f00000, 0x00000007c0000000)
  eden space 124928K, 0% used [0x000000076b400000,0x000000076b400000,0x0000000772e00000)
  from space 7168K, 92% used [0x0000000773800000,0x0000000773e74528,0x0000000773f00000)
  to   space 8704K, 0% used [0x0000000772e00000,0x0000000772e00000,0x0000000773680000)
 ParOldGen       total 74240K, used 4528K [0x00000006c1c00000, 0x00000006c6480000, 0x000000076b400000)
  object space 74240K, 6% used [0x00000006c1c00000,0x00000006c206c3e0,0x00000006c6480000)
 Metaspace       used 29587K, capacity 29852K, committed 30208K, reserved 1075200K
  class space    used 4169K, capacity 4230K, committed 4352K, reserved 1048576K
}
Event: 9.841 GC heap before
{Heap before GC invocations=8 (full 1):
 PSYoungGen      total 132096K, used 131537K [0x000000076b400000, 0x0000000773f00000, 0x00000007c0000000)
  eden space 124928K, 100% used [0x000000076b400000,0x0000000772e00000,0x0000000772e00000)
  from space 7168K, 92% used [0x0000000773800000,0x0000000773e74528,0x0000000773f00000)
  to   space 8704K, 0% used [0x0000000772e00000,0x0000000772e00000,0x0000000773680000)
 ParOldGen       total 74240K, used 4528K [0x00000006c1c00000, 0x00000006c6480000, 0x000000076b400000)
  object space 74240K, 6% used [0x00000006c1c00000,0x00000006c206c3e0,0x00000006c6480000)
 Metaspace       used 34868K, capacity 35104K, committed 35416K, reserved 1079296K
  class space    used 5075K, capacity 5166K, committed 5208K, reserved 1048576K
Event: 9.850 GC heap after
Heap after GC invocations=8 (full 1):
 PSYoungGen      total 133632K, used 8699K [0x000000076b400000, 0x0000000773f00000, 0x00000007c0000000)
  eden space 124928K, 0% used [0x000000076b400000,0x000000076b400000,0x0000000772e00000)
  from space 8704K, 99% used [0x0000000772e00000,0x000000077367eec8,0x0000000773680000)
  to   space 7168K, 0% used [0x0000000773800000,0x0000000773800000,0x0000000773f00000)
 ParOldGen       total 74240K, used 4536K [0x00000006c1c00000, 0x00000006c6480000, 0x000000076b400000)
  object space 74240K, 6% used [0x00000006c1c00000,0x00000006c206e3e0,0x00000006c6480000)
 Metaspace       used 34868K, capacity 35104K, committed 35416K, reserved 1079296K
  class space    used 5075K, capacity 5166K, committed 5208K, reserved 1048576K
}
Event: 9.862 GC heap before
{Heap before GC invocations=9 (full 1):
 PSYoungGen      total 133632K, used 10040K [0x000000076b400000, 0x0000000773f00000, 0x00000007c0000000)
  eden space 124928K, 1% used [0x000000076b400000,0x000000076b54f490,0x0000000772e00000)
  from space 8704K, 99% used [0x0000000772e00000,0x000000077367eec8,0x0000000773680000)
  to   space 7168K, 0% used [0x0000000773800000,0x0000000773800000,0x0000000773f00000)
 ParOldGen       total 74240K, used 4536K [0x00000006c1c00000, 0x00000006c6480000, 0x000000076b400000)
  object space 74240K, 6% used [0x00000006c1c00000,0x00000006c206e3e0,0x00000006c6480000)
 Metaspace       used 34877K, capacity 35104K, committed 35416K, reserved 1079296K
  class space    used 5075K, capacity 5166K, committed 5208K, reserved 1048576K
Event: 9.866 GC heap after
Heap after GC invocations=9 (full 1):
 PSYoungGen      total 132096K, used 3633K [0x000000076b400000, 0x0000000773f00000, 0x00000007c0000000)
  eden space 124928K, 0% used [0x000000076b400000,0x000000076b400000,0x0000000772e00000)
  from space 7168K, 50% used [0x0000000773800000,0x0000000773b8c738,0x0000000773f00000)
  to   space 8704K, 0% used [0x0000000772e00000,0x0000000772e00000,0x0000000773680000)
 ParOldGen       total 74240K, used 4544K [0x00000006c1c00000, 0x00000006c6480000, 0x000000076b400000)
  object space 74240K, 6% used [0x00000006c1c00000,0x00000006c20703e0,0x00000006c6480000)
 Metaspace       used 34877K, capacity 35104K, committed 35416K, reserved 1079296K
  class space    used 5075K, capacity 5166K, committed 5208K, reserved 1048576K
}
Event: 9.866 GC heap before
{Heap before GC invocations=10 (full 2):
 PSYoungGen      total 132096K, used 3633K [0x000000076b400000, 0x0000000773f00000, 0x00000007c0000000)
  eden space 124928K, 0% used [0x000000076b400000,0x000000076b400000,0x0000000772e00000)
  from space 7168K, 50% used [0x0000000773800000,0x0000000773b8c738,0x0000000773f00000)
  to   space 8704K, 0% used [0x0000000772e00000,0x0000000772e00000,0x0000000773680000)
 ParOldGen       total 74240K, used 4544K [0x00000006c1c00000, 0x00000006c6480000, 0x000000076b400000)
  object space 74240K, 6% used [0x00000006c1c00000,0x00000006c20703e0,0x00000006c6480000)
 Metaspace       used 34877K, capacity 35104K, committed 35416K, reserved 1079296K
  class space    used 5075K, capacity 5166K, committed 5208K, reserved 1048576K
Event: 9.913 GC heap after
Heap after GC invocations=10 (full 2):
 PSYoungGen      total 132096K, used 0K [0x000000076b400000, 0x0000000773f00000, 0x00000007c0000000)
  eden space 124928K, 0% used [0x000000076b400000,0x000000076b400000,0x0000000772e00000)
  from space 7168K, 0% used [0x0000000773800000,0x0000000773800000,0x0000000773f00000)
  to   space 8704K, 0% used [0x0000000772e00000,0x0000000772e00000,0x0000000773680000)
 ParOldGen       total 84992K, used 7722K [0x00000006c1c00000, 0x00000006c6f00000, 0x000000076b400000)
  object space 84992K, 9% used [0x00000006c1c00000,0x00000006c238a920,0x00000006c6f00000)
 Metaspace       used 34877K, capacity 35104K, committed 35416K, reserved 1079296K
  class space    used 5075K, capacity 5166K, committed 5208K, reserved 1048576K
}
Event: 11.397 GC heap before
{Heap before GC invocations=11 (full 2):
 PSYoungGen      total 132096K, used 124928K [0x000000076b400000, 0x0000000773f00000, 0x00000007c0000000)
  eden space 124928K, 100% used [0x000000076b400000,0x0000000772e00000,0x0000000772e00000)
  from space 7168K, 0% used [0x0000000773800000,0x0000000773800000,0x0000000773f00000)
  to   space 8704K, 0% used [0x0000000772e00000,0x0000000772e00000,0x0000000773680000)
 ParOldGen       total 84992K, used 7722K [0x00000006c1c00000, 0x00000006c6f00000, 0x000000076b400000)
  object space 84992K, 9% used [0x00000006c1c00000,0x00000006c238a920,0x00000006c6f00000)
 Metaspace       used 40020K, capacity 40388K, committed 40536K, reserved 1083392K
  class space    used 5869K, capacity 5969K, committed 5976K, reserved 1048576K
Event: 11.404 GC heap after
Heap after GC invocations=11 (full 2):
 PSYoungGen      total 133632K, used 8680K [0x000000076b400000, 0x0000000778380000, 0x00000007c0000000)
  eden space 124928K, 0% used [0x000000076b400000,0x000000076b400000,0x0000000772e00000)
  from space 8704K, 99% used [0x0000000772e00000,0x000000077367a3e8,0x0000000773680000)
  to   space 10752K, 0% used [0x0000000777900000,0x0000000777900000,0x0000000778380000)
 ParOldGen       total 84992K, used 7765K [0x00000006c1c00000, 0x00000006c6f00000, 0x000000076b400000)
  object space 84992K, 9% used [0x00000006c1c00000,0x00000006c23955e0,0x00000006c6f00000)
 Metaspace       used 40020K, capacity 40388K, committed 40536K, reserved 1083392K
  class space    used 5869K, capacity 5969K, committed 5976K, reserved 1048576K
}

