# JRE version: Java(TM) SE Runtime Environment (8.0_141-b15) (build 1.8.0_141-b15)
# Java VM: Java HotSpot(TM) 64-Bit Server VM (25.141-b15 mixed mode windows-amd64 compressed oops)
Heap:
 PSYoungGen      total 195584K, used 107055K [0x000000076b400000, 0x0000000778000000, 0x00000007c0000000)
  eden space 187392K, 52% used [0x000000076b400000,0x00000007714cfaf0,0x0000000776b00000)
  from space 8192K, 96% used [0x0000000777800000,0x0000000777fbc330,0x0000000778000000)
  to   space 9728K, 0% used [0x0000000776d00000,0x0000000776d00000,0x0000000777680000)
 ParOldGen       total 86528K, used 8115K [0x00000006c1c00000, 0x00000006c7080000, 0x000000076b400000)
  object space 86528K, 9% used [0x00000006c1c00000,0x00000006c23ecd20,0x00000006c7080000)
 Metaspace       used 46222K, capacity 46756K, committed 47064K, reserved 1089536K
  class space    used 6671K, capacity 6817K, committed 6912K, reserved 1048576K
GC Heap History (10 events):
Event: 17.028 GC heap before
{Heap before GC invocations=8 (full 1):
 PSYoungGen      total 138240K, used 136211K [0x000000076b400000, 0x0000000774480000, 0x00000007c0000000)
  eden space 129536K, 100% used [0x000000076b400000,0x0000000773280000,0x0000000773280000)
  from space 8704K, 76% used [0x0000000773c00000,0x0000000774284e00,0x0000000774480000)
  to   space 9216K, 0% used [0x0000000773280000,0x0000000773280000,0x0000000773b80000)
 ParOldGen       total 71168K, used 4386K [0x00000006c1c00000, 0x00000006c6180000, 0x000000076b400000)
  object space 71168K, 6% used [0x00000006c1c00000,0x00000006c2048948,0x00000006c6180000)
 Metaspace       used 34666K, capacity 34970K, committed 35416K, reserved 1079296K
  class space    used 5020K, capacity 5133K, committed 5248K, reserved 1048576K
Event: 17.108 GC heap after
Heap after GC invocations=8 (full 1):
 PSYoungGen      total 138752K, used 8373K [0x000000076b400000, 0x0000000774480000, 0x00000007c0000000)
  eden space 129536K, 0% used [0x000000076b400000,0x000000076b400000,0x0000000773280000)
  from space 9216K, 90% used [0x0000000773280000,0x0000000773aad510,0x0000000773b80000)
  to   space 8704K, 0% used [0x0000000773c00000,0x0000000773c00000,0x0000000774480000)
 ParOldGen       total 71168K, used 4394K [0x00000006c1c00000, 0x00000006c6180000, 0x000000076b400000)
  object space 71168K, 6% used [0x00000006c1c00000,0x00000006c204a948,0x00000006c6180000)
 Metaspace       used 34666K, capacity 34970K, committed 35416K, reserved 1079296K
  class space    used 5020K, capacity 5133K, committed 5248K, reserved 1048576K
}
Event: 17.184 GC heap before
{Heap before GC invocations=9 (full 1):
 PSYoungGen      total 138752K, used 10224K [0x000000076b400000, 0x0000000774480000, 0x00000007c0000000)
  eden space 129536K, 1% used [0x000000076b400000,0x000000076b5ced00,0x0000000773280000)
  from space 9216K, 90% used [0x0000000773280000,0x0000000773aad510,0x0000000773b80000)
  to   space 8704K, 0% used [0x0000000773c00000,0x0000000773c00000,0x0000000774480000)
 ParOldGen       total 71168K, used 4394K [0x00000006c1c00000, 0x00000006c6180000, 0x000000076b400000)
  object space 71168K, 6% used [0x00000006c1c00000,0x00000006c204a948,0x00000006c6180000)
 Metaspace       used 34881K, capacity 35098K, committed 35416K, reserved 1079296K
  class space    used 5043K, capacity 5133K, committed 5248K, reserved 1048576K
Event: 17.188 GC heap after
Heap after GC invocations=9 (full 1):
 PSYoungGen      total 138240K, used 4070K [0x000000076b400000, 0x0000000774480000, 0x00000007c0000000)
  eden space 129536K, 0% used [0x000000076b400000,0x000000076b400000,0x0000000773280000)
  from space 8704K, 46% used [0x0000000773c00000,0x0000000773ff98c0,0x0000000774480000)
  to   space 9216K, 0% used [0x0000000773280000,0x0000000773280000,0x0000000773b80000)
 ParOldGen       total 71168K, used 4402K [0x00000006c1c00000, 0x00000006c6180000, 0x000000076b400000)
  object space 71168K, 6% used [0x00000006c1c00000,0x00000006c204c948,0x00000006c6180000)
 Metaspace       used 34881K, capacity 35098K, committed 35416K, reserved 1079296K
  class space    used 5043K, capacity 5133K, committed 5248K, reserved 1048576K
}
Event: 17.188 GC heap before
{Heap before GC invocations=10 (full 2):
 PSYoungGen      total 138240K, used 4070K [0x000000076b400000, 0x0000000774480000, 0x00000007c0000000)
  eden space 129536K, 0% used [0x000000076b400000,0x000000076b400000,0x0000000773280000)
  from space 8704K, 46% used [0x0000000773c00000,0x0000000773ff98c0,0x0000000774480000)
  to   space 9216K, 0% used [0x0000000773280000,0x0000000773280000,0x0000000773b80000)
 ParOldGen       total 71168K, used 4402K [0x00000006c1c00000, 0x00000006c6180000, 0x000000076b400000)
  object space 71168K, 6% used [0x00000006c1c00000,0x00000006c204c948,0x00000006c6180000)
 Metaspace       used 34881K, capacity 35098K, committed 35416K, reserved 1079296K
  class space    used 5043K, capacity 5133K, committed 5248K, reserved 1048576K
Event: 17.358 GC heap after
Heap after GC invocations=10 (full 2):
 PSYoungGen      total 138240K, used 0K [0x000000076b400000, 0x0000000774480000, 0x00000007c0000000)
  eden space 129536K, 0% used [0x000000076b400000,0x000000076b400000,0x0000000773280000)
  from space 8704K, 0% used [0x0000000773c00000,0x0000000773c00000,0x0000000774480000)
  to   space 9216K, 0% used [0x0000000773280000,0x0000000773280000,0x0000000773b80000)
 ParOldGen       total 86528K, used 8107K [0x00000006c1c00000, 0x00000006c7080000, 0x000000076b400000)
  object space 86528K, 9% used [0x00000006c1c00000,0x00000006c23ead20,0x00000006c7080000)
 Metaspace       used 34858K, capacity 35062K, committed 35416K, reserved 1079296K
  class space    used 5040K, capacity 5127K, committed 5248K, reserved 1048576K
}
Event: 22.761 GC heap before
{Heap before GC invocations=11 (full 2):
 PSYoungGen      total 138240K, used 129536K [0x000000076b400000, 0x0000000774480000, 0x00000007c0000000)
  eden space 129536K, 100% used [0x000000076b400000,0x0000000773280000,0x0000000773280000)
  from space 8704K, 0% used [0x0000000773c00000,0x0000000773c00000,0x0000000774480000)
  to   space 9216K, 0% used [0x0000000773280000,0x0000000773280000,0x0000000773b80000)
 ParOldGen       total 86528K, used 8107K [0x00000006c1c00000, 0x00000006c7080000, 0x000000076b400000)
  object space 86528K, 9% used [0x00000006c1c00000,0x00000006c23ead20,0x00000006c7080000)
 Metaspace       used 39960K, capacity 40332K, committed 40664K, reserved 1083392K
  class space    used 5910K, capacity 6029K, committed 6144K, reserved 1048576K
Event: 22.768 GC heap after
Heap after GC invocations=11 (full 2):
 PSYoungGen      total 138752K, used 5895K [0x000000076b400000, 0x0000000778180000, 0x00000007c0000000)
  eden space 129536K, 0% used [0x000000076b400000,0x000000076b400000,0x0000000773280000)
  from space 9216K, 63% used [0x0000000773280000,0x0000000773841d88,0x0000000773b80000)
  to   space 9728K, 0% used [0x0000000777800000,0x0000000777800000,0x0000000778180000)
 ParOldGen       total 86528K, used 8115K [0x00000006c1c00000, 0x00000006c7080000, 0x000000076b400000)
  object space 86528K, 9% used [0x00000006c1c00000,0x00000006c23ecd20,0x00000006c7080000)
 Metaspace       used 39960K, capacity 40332K, committed 40664K, reserved 1083392K
  class space    used 5910K, capacity 6029K, committed 6144K, reserved 1048576K
}
Event: 24.706 GC heap before
{Heap before GC invocations=12 (full 2):
 PSYoungGen      total 138752K, used 135431K [0x000000076b400000, 0x0000000778180000, 0x00000007c0000000)
  eden space 129536K, 100% used [0x000000076b400000,0x0000000773280000,0x0000000773280000)
  from space 9216K, 63% used [0x0000000773280000,0x0000000773841d88,0x0000000773b80000)
  to   space 9728K, 0% used [0x0000000777800000,0x0000000777800000,0x0000000778180000)
 ParOldGen       total 86528K, used 8115K [0x00000006c1c00000, 0x00000006c7080000, 0x000000076b400000)
  object space 86528K, 9% used [0x00000006c1c00000,0x00000006c23ecd20,0x00000006c7080000)
 Metaspace       used 42431K, capacity 42980K, committed 43224K, reserved 1085440K
  class space    used 6214K, capacity 6369K, committed 6400K, reserved 1048576K
Event: 24.727 GC heap after
Heap after GC invocations=12 (full 2):
 PSYoungGen      total 195584K, used 7920K [0x000000076b400000, 0x0000000778000000, 0x00000007c0000000)
  eden space 187392K, 0% used [0x000000076b400000,0x000000076b400000,0x0000000776b00000)
  from space 8192K, 96% used [0x0000000777800000,0x0000000777fbc330,0x0000000778000000)
  to   space 9728K, 0% used [0x0000000776d00000,0x0000000776d00000,0x0000000777680000)
 ParOldGen       total 86528K, used 8115K [0x00000006c1c00000, 0x00000006c7080000, 0x000000076b400000)
  object space 86528K, 9% used [0x00000006c1c00000,0x00000006c23ecd20,0x00000006c7080000)
 Metaspace       used 42431K, capacity 42980K, committed 43224K, reserved 1085440K
  class space    used 6214K, capacity 6369K, committed 6400K, reserved 1048576K
}

